"F:/Unreal Engine Projects/BSc2b/Content/Blueprints/Curve/HandForAndBackAnim.uasset" 0
"F:/Unreal Engine Projects/BSc2b/Content/Blueprints/Curve/HandForAndBackAnim.uexp" 1
"../../../Engine/Content/EngineMaterials/T_Default_Material_Grid_N.uasset" 2
"../../../Engine/Content/EngineMaterials/T_Default_Material_Grid_N.uexp" 3
"../../../Engine/Content/EngineMaterials/T_Default_Material_Grid_N.ubulk" 4
"../../../Engine/Content/EngineMaterials/T_Default_Material_Grid_M.uasset" 5
"../../../Engine/Content/EngineMaterials/T_Default_Material_Grid_M.uexp" 6
"../../../Engine/Content/EngineMaterials/T_Default_Material_Grid_M.ubulk" 7
"../../../Engine/Content/Functions/Engine_MaterialFunctions01/Opacity/CameraDepthFade.uasset" 8
"../../../Engine/Content/Functions/Engine_MaterialFunctions01/Opacity/CameraDepthFade.uexp" 9
"../../../Engine/Content/EngineMaterials/WorldGridMaterial.uasset" 10
"../../../Engine/Content/EngineMaterials/WorldGridMaterial.uexp" 11
"F:/Unreal Engine Projects/BSc2b/Content/Blueprints/Meshes/placementHands.uasset" 12
"F:/Unreal Engine Projects/BSc2b/Content/Blueprints/Meshes/placementHands.uexp" 13
"F:/Unreal Engine Projects/BSc2b/Content/Blueprints/Widgets/WBP_EndScreen.uasset" 14
"F:/Unreal Engine Projects/BSc2b/Content/Blueprints/Widgets/WBP_EndScreen.uexp" 15
"F:/Unreal Engine Projects/BSc2b/Content/Audio/AIRCON.uasset" 16
"F:/Unreal Engine Projects/BSc2b/Content/Audio/AIRCON.uexp" 17
"F:/Unreal Engine Projects/BSc2b/Content/Audio/DEATH_WHISTLING.uasset" 18
"F:/Unreal Engine Projects/BSc2b/Content/Audio/DEATH_WHISTLING.uexp" 19
"F:/Unreal Engine Projects/BSc2b/Content/Audio/DEATH_WHISTLE.uasset" 20
"F:/Unreal Engine Projects/BSc2b/Content/Audio/DEATH_WHISTLE.uexp" 21
"F:/Unreal Engine Projects/BSc2b/Content/Blueprints/Meshes/Cube.uasset" 22
"F:/Unreal Engine Projects/BSc2b/Content/Blueprints/Meshes/Cube.uexp" 23
"F:/Unreal Engine Projects/BSc2b/Content/Blueprints/Widgets/WBP_ComputerScreen.uasset" 24
"F:/Unreal Engine Projects/BSc2b/Content/Blueprints/Widgets/WBP_ComputerScreen.uexp" 25
"F:/Unreal Engine Projects/BSc2b/Content/Blueprints/Jack/BP_ComputerMinigame.uasset" 26
"F:/Unreal Engine Projects/BSc2b/Content/Blueprints/Jack/BP_ComputerMinigame.uexp" 27
"F:/Unreal Engine Projects/BSc2b/Content/Blueprints/Jack/BP_EndGoal.uasset" 28
"F:/Unreal Engine Projects/BSc2b/Content/Blueprints/Jack/BP_EndGoal.uexp" 29
"F:/Unreal Engine Projects/BSc2b/Content/Meshes/BaseMaterial.uasset" 30
"F:/Unreal Engine Projects/BSc2b/Content/Meshes/BaseMaterial.uexp" 31
"F:/Unreal Engine Projects/BSc2b/Content/Meshes/Arms_2.uasset" 32
"F:/Unreal Engine Projects/BSc2b/Content/Meshes/Arms_2.uexp" 33
"F:/Unreal Engine Projects/BSc2b/Content/Blueprints/Widgets/WBP_Dialouge.uasset" 34
"F:/Unreal Engine Projects/BSc2b/Content/Blueprints/Widgets/WBP_Dialouge.uexp" 35
"F:/Unreal Engine Projects/BSc2b/Content/Blueprints/Sounds/152783__dwoboyle__footsteps-stairs-wooden-hollow-02__1___1_.uasset" 36
"F:/Unreal Engine Projects/BSc2b/Content/Blueprints/Sounds/152783__dwoboyle__footsteps-stairs-wooden-hollow-02__1___1_.uexp" 37
"F:/Unreal Engine Projects/BSc2b/Content/Blueprints/Sounds/Footstep.uasset" 38
"F:/Unreal Engine Projects/BSc2b/Content/Blueprints/Sounds/Footstep.uexp" 39
"F:/Unreal Engine Projects/BSc2b/Content/Blueprints/Curve/HandAnim.uasset" 40
"F:/Unreal Engine Projects/BSc2b/Content/Blueprints/Curve/HandAnim.uexp" 41
"F:/Unreal Engine Projects/BSc2b/Content/Blueprints/Curve/CurveCameraTilt.uasset" 42
"F:/Unreal Engine Projects/BSc2b/Content/Blueprints/Curve/CurveCameraTilt.uexp" 43
"F:/Unreal Engine Projects/BSc2b/Content/Blueprints/BP_CustomPlayer.uasset" 44
"F:/Unreal Engine Projects/BSc2b/Content/Blueprints/BP_CustomPlayer.uexp" 45
"F:/Unreal Engine Projects/BSc2b/Content/Blueprints/BP_GameMode.uasset" 46
"F:/Unreal Engine Projects/BSc2b/Content/Blueprints/BP_GameMode.uexp" 47
"F:/Unreal Engine Projects/BSc2b/Content/Blueprints/Jack/BP_Mercury.uasset" 48
"F:/Unreal Engine Projects/BSc2b/Content/Blueprints/Jack/BP_Mercury.uexp" 49
"F:/Unreal Engine Projects/BSc2b/Content/Blueprints/Images/MicroscopeView.uasset" 50
"F:/Unreal Engine Projects/BSc2b/Content/Blueprints/Images/MicroscopeView.uexp" 51
"F:/Unreal Engine Projects/BSc2b/Content/Blueprints/Widgets/WBP_MicroscopeBackground.uasset" 52
"F:/Unreal Engine Projects/BSc2b/Content/Blueprints/Widgets/WBP_MicroscopeBackground.uexp" 53
"F:/Unreal Engine Projects/BSc2b/Content/Blueprints/Widgets/WBP_MicroscopeMicrobe.uasset" 54
"F:/Unreal Engine Projects/BSc2b/Content/Blueprints/Widgets/WBP_MicroscopeMicrobe.uexp" 55
"F:/Unreal Engine Projects/BSc2b/Content/Blueprints/Widgets/WBP_Microscope.uasset" 56
"F:/Unreal Engine Projects/BSc2b/Content/Blueprints/Widgets/WBP_Microscope.uexp" 57
"F:/Unreal Engine Projects/BSc2b/Content/Blueprints/Jack/BP_MicroscopeMinigame.uasset" 58
"F:/Unreal Engine Projects/BSc2b/Content/Blueprints/Jack/BP_MicroscopeMinigame.uexp" 59
"F:/Unreal Engine Projects/BSc2b/Content/Material/temp3.uasset" 60
"F:/Unreal Engine Projects/BSc2b/Content/Material/temp3.uexp" 61
"F:/Unreal Engine Projects/BSc2b/Content/Material/temp1.uasset" 62
"F:/Unreal Engine Projects/BSc2b/Content/Material/temp1.uexp" 63
"F:/Unreal Engine Projects/BSc2b/Content/Material/temp2.uasset" 64
"F:/Unreal Engine Projects/BSc2b/Content/Material/temp2.uexp" 65
"F:/Unreal Engine Projects/BSc2b/Content/Blueprints/Jack/BP_Note.uasset" 66
"F:/Unreal Engine Projects/BSc2b/Content/Blueprints/Jack/BP_Note.uexp" 67
"F:/Unreal Engine Projects/BSc2b/Content/Blueprints/Jack/BP_NoteSpawner.uasset" 68
"F:/Unreal Engine Projects/BSc2b/Content/Blueprints/Jack/BP_NoteSpawner.uexp" 69
"F:/Unreal Engine Projects/BSc2b/Content/Blueprints/Jack/BP_Saltbag.uasset" 70
"F:/Unreal Engine Projects/BSc2b/Content/Blueprints/Jack/BP_Saltbag.uexp" 71
"F:/Unreal Engine Projects/BSc2b/Content/Blueprints/Curve/ScaleAnim.uasset" 72
"F:/Unreal Engine Projects/BSc2b/Content/Blueprints/Curve/ScaleAnim.uexp" 73
"F:/Unreal Engine Projects/BSc2b/Content/Blueprints/Jack/BP_WeighingMinigame.uasset" 74
"F:/Unreal Engine Projects/BSc2b/Content/Blueprints/Jack/BP_WeighingMinigame.uexp" 75
"F:/Unreal Engine Projects/BSc2b/Content/Blueprints/Images/normal-microbe.uasset" 76
"F:/Unreal Engine Projects/BSc2b/Content/Blueprints/Images/normal-microbe.uexp" 77
"F:/Unreal Engine Projects/BSc2b/Content/Meshes/CubeMaterial.uasset" 78
"F:/Unreal Engine Projects/BSc2b/Content/Meshes/CubeMaterial.uexp" 79
"F:/Unreal Engine Projects/BSc2b/Content/Meshes/1M_Cube.uasset" 80
"F:/Unreal Engine Projects/BSc2b/Content/Meshes/1M_Cube.uexp" 81
"F:/Unreal Engine Projects/BSc2b/Content/Meshes/1M_Cube_Chamfer.uasset" 82
"F:/Unreal Engine Projects/BSc2b/Content/Meshes/1M_Cube_Chamfer.uexp" 83
"F:/Unreal Engine Projects/BSc2b/Content/Meshes/Arm_Left.uasset" 84
"F:/Unreal Engine Projects/BSc2b/Content/Meshes/Arm_Left.uexp" 85
"F:/Unreal Engine Projects/BSc2b/Content/Meshes/Arm_Right.uasset" 86
"F:/Unreal Engine Projects/BSc2b/Content/Meshes/Arm_Right.uexp" 87
"F:/Unreal Engine Projects/BSc2b/Content/Meshes/CeilingLights.uasset" 88
"F:/Unreal Engine Projects/BSc2b/Content/Meshes/CeilingLights.uexp" 89
"F:/Unreal Engine Projects/BSc2b/Content/Meshes/Ceiling_Tile.uasset" 90
"F:/Unreal Engine Projects/BSc2b/Content/Meshes/Ceiling_Tile.uexp" 91
"F:/Unreal Engine Projects/BSc2b/Content/Meshes/CornerPillar.uasset" 92
"F:/Unreal Engine Projects/BSc2b/Content/Meshes/CornerPillar.uexp" 93
"F:/Unreal Engine Projects/BSc2b/Content/Meshes/Crate_1.uasset" 94
"F:/Unreal Engine Projects/BSc2b/Content/Meshes/Crate_1.uexp" 95
"F:/Unreal Engine Projects/BSc2b/Content/Meshes/DoorWallTop.uasset" 96
"F:/Unreal Engine Projects/BSc2b/Content/Meshes/DoorWallTop.uexp" 97
"F:/Unreal Engine Projects/BSc2b/Content/Meshes/FencingDown.uasset" 98
"F:/Unreal Engine Projects/BSc2b/Content/Meshes/FencingDown.uexp" 99
"F:/Unreal Engine Projects/BSc2b/Content/Meshes/Fencing_pillar.uasset" 100
"F:/Unreal Engine Projects/BSc2b/Content/Meshes/Fencing_pillar.uexp" 101
"F:/Unreal Engine Projects/BSc2b/Content/Meshes/TemplateFloor.uasset" 102
"F:/Unreal Engine Projects/BSc2b/Content/Meshes/TemplateFloor.uexp" 103
"F:/Unreal Engine Projects/BSc2b/Content/Meshes/Vial_10.uasset" 104
"F:/Unreal Engine Projects/BSc2b/Content/Meshes/Vial_10.uexp" 105
"F:/Unreal Engine Projects/BSc2b/Content/Meshes/Vial_12.uasset" 106
"F:/Unreal Engine Projects/BSc2b/Content/Meshes/Vial_12.uexp" 107
"F:/Unreal Engine Projects/BSc2b/Content/Meshes/Vial_4.uasset" 108
"F:/Unreal Engine Projects/BSc2b/Content/Meshes/Vial_4.uexp" 109
"F:/Unreal Engine Projects/BSc2b/Content/Meshes/Vial_7.uasset" 110
"F:/Unreal Engine Projects/BSc2b/Content/Meshes/Vial_7.uexp" 111
"F:/Unreal Engine Projects/BSc2b/Content/Meshes/Vial_9.uasset" 112
"F:/Unreal Engine Projects/BSc2b/Content/Meshes/Vial_9.uexp" 113
"F:/Unreal Engine Projects/BSc2b/Content/Meshes/Wall.uasset" 114
"F:/Unreal Engine Projects/BSc2b/Content/Meshes/Wall.uexp" 115
"F:/Unreal Engine Projects/BSc2b/Content/Meshes/WallBottomSection.uasset" 116
"F:/Unreal Engine Projects/BSc2b/Content/Meshes/WallBottomSection.uexp" 117
"F:/Unreal Engine Projects/BSc2b/Content/Meshes/WallTopSection.uasset" 118
"F:/Unreal Engine Projects/BSc2b/Content/Meshes/WallTopSection.uexp" 119
"../../../Engine/Content/ArtTools/RenderToTexture/Meshes/S_1_Unit_Plane.uasset" 120
"../../../Engine/Content/ArtTools/RenderToTexture/Meshes/S_1_Unit_Plane.uexp" 121
"../../../Engine/Content/EngineMaterials/DefaultMaterial.uasset" 122
"../../../Engine/Content/EngineMaterials/DefaultMaterial.uexp" 123
"../../../Engine/Content/BasicShapes/Cone.uasset" 124
"../../../Engine/Content/BasicShapes/Cone.uexp" 125
"../../../Engine/Content/BasicShapes/Plane.uasset" 126
"../../../Engine/Content/BasicShapes/Plane.uexp" 127
"../../../Engine/Content/BasicShapes/Sphere.uasset" 128
"../../../Engine/Content/BasicShapes/Sphere.uexp" 129
"../../../Engine/Content/EditorLandscapeResources/DataLayer.uasset" 130
"../../../Engine/Content/EditorLandscapeResources/DataLayer.uexp" 131
"../../../Engine/Content/EditorLandscapeResources/DefaultAlphaTexture.uasset" 132
"../../../Engine/Content/EditorLandscapeResources/DefaultAlphaTexture.uexp" 133
"../../../Engine/Content/EditorMaterials/MAT_Groups_Toggle.uasset" 134
"../../../Engine/Content/EditorMaterials/MAT_Groups_Toggle.uexp" 135
"../../../Engine/Content/EditorMaterials/MAT_Groups_Visibility.uasset" 136
"../../../Engine/Content/EditorMaterials/MAT_Groups_Visibility.uexp" 137
"../../../Engine/Content/EditorMaterials/PreviewShadowIndicator.uasset" 138
"../../../Engine/Content/EditorMaterials/PreviewShadowIndicator.uexp" 139
"../../../Engine/Content/EditorMaterials/PreviewShadowIndicator.ubulk" 140
"../../../Engine/Content/EditorMaterials/PreviewShadowIndicatorMaterial.uasset" 141
"../../../Engine/Content/EditorMaterials/PreviewShadowIndicatorMaterial.uexp" 142
"../../../Engine/Content/EditorMaterials/MatineeGroups/MAT_ColorTrack.uasset" 143
"../../../Engine/Content/EditorMaterials/MatineeGroups/MAT_ColorTrack.uexp" 144
"../../../Engine/Content/EditorMaterials/MatineeGroups/MAT_Groups_Anim.uasset" 145
"../../../Engine/Content/EditorMaterials/MatineeGroups/MAT_Groups_Anim.uexp" 146
"../../../Engine/Content/EditorMaterials/MatineeGroups/MAT_Groups_AudioMaster.uasset" 147
"../../../Engine/Content/EditorMaterials/MatineeGroups/MAT_Groups_AudioMaster.uexp" 148
"../../../Engine/Content/EditorMaterials/MatineeGroups/MAT_Groups_Director.uasset" 149
"../../../Engine/Content/EditorMaterials/MatineeGroups/MAT_Groups_Director.uexp" 150
"../../../Engine/Content/EditorMaterials/MatineeGroups/MAT_Groups_Event.uasset" 151
"../../../Engine/Content/EditorMaterials/MatineeGroups/MAT_Groups_Event.uexp" 152
"../../../Engine/Content/EditorMaterials/MatineeGroups/MAT_Groups_Fade.uasset" 153
"../../../Engine/Content/EditorMaterials/MatineeGroups/MAT_Groups_Fade.uexp" 154
"../../../Engine/Content/EditorMaterials/MatineeGroups/MAT_Groups_Float.uasset" 155
"../../../Engine/Content/EditorMaterials/MatineeGroups/MAT_Groups_Float.uexp" 156
"../../../Engine/Content/EditorMaterials/MatineeGroups/MAT_Groups_Move.uasset" 157
"../../../Engine/Content/EditorMaterials/MatineeGroups/MAT_Groups_Move.uexp" 158
"../../../Engine/Content/EditorMaterials/MatineeGroups/MAT_Groups_Slomo.uasset" 159
"../../../Engine/Content/EditorMaterials/MatineeGroups/MAT_Groups_Slomo.uexp" 160
"../../../Engine/Content/EditorMaterials/MatineeGroups/MAT_Groups_Sound.uasset" 161
"../../../Engine/Content/EditorMaterials/MatineeGroups/MAT_Groups_Sound.uexp" 162
"../../../Engine/Content/EditorMaterials/MatineeGroups/MAT_Groups_Vector.uasset" 163
"../../../Engine/Content/EditorMaterials/MatineeGroups/MAT_Groups_Vector.uexp" 164
"../../../Engine/Content/EditorMaterials/ParticleSystems/PSysThumbnail_NoImage.uasset" 165
"../../../Engine/Content/EditorMaterials/ParticleSystems/PSysThumbnail_NoImage.uexp" 166
"../../../Engine/Content/EditorMaterials/ParticleSystems/PSysThumbnail_NoImage.ubulk" 167
"../../../Engine/Content/EditorMaterials/ParticleSystems/PSysThumbnail_OOD.uasset" 168
"../../../Engine/Content/EditorMaterials/ParticleSystems/PSysThumbnail_OOD.uexp" 169
"../../../Engine/Content/EditorMaterials/ParticleSystems/PSysThumbnail_OOD.ubulk" 170
"../../../Engine/Content/EditorMaterials/Camera/CineMat.uasset" 171
"../../../Engine/Content/EditorMaterials/Camera/CineMat.uexp" 172
"../../../Engine/Content/EditorMaterials/Camera/MI_CineMat_Rig.uasset" 173
"../../../Engine/Content/EditorMaterials/Camera/MI_CineMat_Rig.uexp" 174
"../../../Engine/Content/EditorMeshes/Camera/SM_CraneRig_Arm.uasset" 175
"../../../Engine/Content/EditorMeshes/Camera/SM_CraneRig_Arm.uexp" 176
"../../../Engine/Content/EditorMeshes/Camera/SM_CraneRig_Base.uasset" 177
"../../../Engine/Content/EditorMeshes/Camera/SM_CraneRig_Base.uexp" 178
"../../../Engine/Content/EditorMeshes/Camera/SM_CraneRig_Body.uasset" 179
"../../../Engine/Content/EditorMeshes/Camera/SM_CraneRig_Body.uexp" 180
"../../../Engine/Content/EditorMeshes/Camera/SM_CraneRig_Mount.uasset" 181
"../../../Engine/Content/EditorMeshes/Camera/SM_CraneRig_Mount.uexp" 182
"../../../Engine/Content/EditorMeshes/Camera/SM_RailRig_Mount.uasset" 183
"../../../Engine/Content/EditorMeshes/Camera/SM_RailRig_Mount.uexp" 184
"../../../Engine/Content/EditorMeshes/Camera/SM_RailRig_Track.uasset" 185
"../../../Engine/Content/EditorMeshes/Camera/SM_RailRig_Track.uexp" 186
"../../../Engine/Content/EditorResources/BSPVertex.uasset" 187
"../../../Engine/Content/EditorResources/BSPVertex.uexp" 188
"../../../Engine/Content/EditorResources/EmptyActor.uasset" 189
"../../../Engine/Content/EditorResources/EmptyActor.uexp" 190
"../../../Engine/Content/EditorResources/S_Actor.uasset" 191
"../../../Engine/Content/EditorResources/S_Actor.uexp" 192
"../../../Engine/Content/EditorResources/S_Actor.ubulk" 193
"../../../Engine/Content/EditorResources/S_Note.uasset" 194
"../../../Engine/Content/EditorResources/S_Note.uexp" 195
"../../../Engine/Content/EditorResources/S_Note.ubulk" 196
"../../../Engine/Content/EditorResources/S_Solver.uasset" 197
"../../../Engine/Content/EditorResources/S_Solver.uexp" 198
"../../../Engine/Content/EditorResources/S_Solver.ubulk" 199
"../../../Engine/Content/EditorResources/S_Terrain.uasset" 200
"../../../Engine/Content/EditorResources/S_Terrain.uexp" 201
"../../../Engine/Content/EditorResources/S_Terrain.ubulk" 202
"../../../Engine/Content/EditorResources/S_Trigger.uasset" 203
"../../../Engine/Content/EditorResources/S_Trigger.uexp" 204
"../../../Engine/Content/EditorResources/S_Trigger.ubulk" 205
"../../../Engine/Content/EditorResources/AudioIcons/S_AudioComponent_AutoActivate.uasset" 206
"../../../Engine/Content/EditorResources/AudioIcons/S_AudioComponent_AutoActivate.uexp" 207
"../../../Engine/Content/EditorResources/AudioIcons/S_AudioComponent_AutoActivate.ubulk" 208
"../../../Engine/Content/EditorResources/LightIcons/S_LightError.uasset" 209
"../../../Engine/Content/EditorResources/LightIcons/S_LightError.uexp" 210
"../../../Engine/Content/EditorResources/SequenceRecorder/Countdown.uasset" 211
"../../../Engine/Content/EditorResources/SequenceRecorder/Countdown.uexp" 212
"../../../Engine/Content/EditorResources/SequenceRecorder/RecordingIndicator.uasset" 213
"../../../Engine/Content/EditorResources/SequenceRecorder/RecordingIndicator.uexp" 214
"../../../Engine/Content/EngineDamageTypes/DmgTypeBP_Environmental.uasset" 215
"../../../Engine/Content/EngineDamageTypes/DmgTypeBP_Environmental.uexp" 216
"../../../Engine/Content/EngineDebugMaterials/DebugEditorMaterial.uasset" 217
"../../../Engine/Content/EngineDebugMaterials/DebugEditorMaterial.uexp" 218
"../../../Engine/Content/EngineDebugMaterials/DebugMeshMaterial.uasset" 219
"../../../Engine/Content/EngineDebugMaterials/DebugMeshMaterial.uexp" 220
"../../../Engine/Content/EngineDebugMaterials/M_SimpleUnlitTranslucent.uasset" 221
"../../../Engine/Content/EngineDebugMaterials/M_SimpleUnlitTranslucent.uexp" 222
"../../../Engine/Content/EngineDebugMaterials/VolumeToRender.uasset" 223
"../../../Engine/Content/EngineDebugMaterials/VolumeToRender.uexp" 224
"../../../Engine/Content/Functions/Engine_MaterialFunctions02/Utility/CameraDirectionVector.uasset" 225
"../../../Engine/Content/Functions/Engine_MaterialFunctions02/Utility/CameraDirectionVector.uexp" 226
"../../../Engine/Content/EngineDebugMaterials/M_VolumeRenderSphereTracePP.uasset" 227
"../../../Engine/Content/EngineDebugMaterials/M_VolumeRenderSphereTracePP.uexp" 228
"../../../Engine/Content/Functions/Engine_MaterialFunctions01/Shading/ConvertFromDiffSpec.uasset" 229
"../../../Engine/Content/Functions/Engine_MaterialFunctions01/Shading/ConvertFromDiffSpec.uexp" 230
"../../../Engine/Content/EngineDebugMaterials/VertexColorMaterial.uasset" 231
"../../../Engine/Content/EngineDebugMaterials/VertexColorMaterial.uexp" 232
"../../../Engine/Content/EngineDebugMaterials/WireframeMaterial.uasset" 233
"../../../Engine/Content/EngineDebugMaterials/WireframeMaterial.uexp" 234
"../../../Engine/Content/EngineFonts/Faces/RobotoRegular.uasset" 235
"../../../Engine/Content/EngineFonts/Faces/RobotoRegular.uexp" 236
"../../../Engine/Content/EngineFonts/Faces/RobotoRegular.ufont" 237
"../../../Engine/Content/EngineFonts/Faces/RobotoLight.uasset" 238
"../../../Engine/Content/EngineFonts/Faces/RobotoLight.uexp" 239
"../../../Engine/Content/EngineFonts/Faces/RobotoLight.ufont" 240
"../../../Engine/Content/EngineFonts/Faces/RobotoItalic.uasset" 241
"../../../Engine/Content/EngineFonts/Faces/RobotoItalic.uexp" 242
"../../../Engine/Content/EngineFonts/Faces/RobotoItalic.ufont" 243
"../../../Engine/Content/EngineFonts/Faces/RobotoBoldItalic.uasset" 244
"../../../Engine/Content/EngineFonts/Faces/RobotoBoldItalic.uexp" 245
"../../../Engine/Content/EngineFonts/Faces/RobotoBoldItalic.ufont" 246
"../../../Engine/Content/EngineFonts/Faces/RobotoBold.uasset" 247
"../../../Engine/Content/EngineFonts/Faces/RobotoBold.uexp" 248
"../../../Engine/Content/EngineFonts/Faces/RobotoBold.ufont" 249
"../../../Engine/Content/EngineFonts/Faces/DroidSansFallback.uasset" 250
"../../../Engine/Content/EngineFonts/Faces/DroidSansFallback.uexp" 251
"../../../Engine/Content/EngineFonts/Faces/DroidSansFallback.ufont" 252
"../../../Engine/Content/EngineFonts/Roboto.uasset" 253
"../../../Engine/Content/EngineFonts/Roboto.uexp" 254
"../../../Engine/Content/EngineMaterials/BaseFlattenNormalMap.uasset" 255
"../../../Engine/Content/EngineMaterials/BaseFlattenNormalMap.uexp" 256
"../../../Engine/Content/EngineMaterials/BaseFlattenGrayscaleMap.uasset" 257
"../../../Engine/Content/EngineMaterials/BaseFlattenGrayscaleMap.uexp" 258
"../../../Engine/Content/EngineMaterials/BaseFlattenEmissiveMap.uasset" 259
"../../../Engine/Content/EngineMaterials/BaseFlattenEmissiveMap.uexp" 260
"../../../Engine/Content/EngineMaterials/BaseFlattenDiffuseMap.uasset" 261
"../../../Engine/Content/EngineMaterials/BaseFlattenDiffuseMap.uexp" 262
"../../../Engine/Content/EngineMaterials/BaseFlattenMaterial.uasset" 263
"../../../Engine/Content/EngineMaterials/BaseFlattenMaterial.uexp" 264
"../../../Engine/Content/EngineMaterials/BlueNoise.uasset" 265
"../../../Engine/Content/EngineMaterials/BlueNoise.uexp" 266
"../../../Engine/Content/EngineMaterials/DefaultBloomKernel.uasset" 267
"../../../Engine/Content/EngineMaterials/DefaultBloomKernel.uexp" 268
"../../../Engine/Content/EngineMaterials/DefaultBokeh.uasset" 269
"../../../Engine/Content/EngineMaterials/DefaultBokeh.uexp" 270
"../../../Engine/Content/EngineMaterials/DefaultDiffuse.uasset" 271
"../../../Engine/Content/EngineMaterials/DefaultDiffuse.uexp" 272
"../../../Engine/Content/EngineMaterials/DefaultDiffuse.ubulk" 273
"../../../Engine/Content/EngineMaterials/DefaultDeferredDecalMaterial.uasset" 274
"../../../Engine/Content/EngineMaterials/DefaultDeferredDecalMaterial.uexp" 275
"../../../Engine/Content/EngineMaterials/DefaultLightFunctionMaterial.uasset" 276
"../../../Engine/Content/EngineMaterials/DefaultLightFunctionMaterial.uexp" 277
"../../../Engine/Content/EngineMaterials/DefaultPhysicalMaterial.uasset" 278
"../../../Engine/Content/EngineMaterials/DefaultPhysicalMaterial.uexp" 279
"../../../Engine/Content/Functions/Engine_MaterialFunctions02/Utility/BreakOutFloat2Components.uasset" 280
"../../../Engine/Content/Functions/Engine_MaterialFunctions02/Utility/BreakOutFloat2Components.uexp" 281
"../../../Engine/Content/EngineMaterials/DefaultPostProcessMaterial.uasset" 282
"../../../Engine/Content/EngineMaterials/DefaultPostProcessMaterial.uexp" 283
"../../../Engine/Content/EngineFonts/RobotoDistanceField.uasset" 284
"../../../Engine/Content/EngineFonts/RobotoDistanceField.uexp" 285
"../../../Engine/Content/EngineMaterials/DefaultTextMaterialOpaque.uasset" 286
"../../../Engine/Content/EngineMaterials/DefaultTextMaterialOpaque.uexp" 287
"../../../Engine/Content/EngineMaterials/DefaultWhiteGrid.uasset" 288
"../../../Engine/Content/EngineMaterials/DefaultWhiteGrid.uexp" 289
"../../../Engine/Content/EngineMaterials/DefaultWhiteGrid.ubulk" 290
"../../../Engine/Content/EngineMaterials/DefaultWhiteGrid_Low.uasset" 291
"../../../Engine/Content/EngineMaterials/DefaultWhiteGrid_Low.uexp" 292
"../../../Engine/Content/EngineMaterials/EmissiveMeshMaterial.uasset" 293
"../../../Engine/Content/EngineMaterials/EmissiveMeshMaterial.uexp" 294
"../../../Engine/Content/EngineMaterials/GizmoMaterial.uasset" 295
"../../../Engine/Content/EngineMaterials/GizmoMaterial.uexp" 296
"../../../Engine/Content/EngineMaterials/Good64x64TilingNoiseHighFreq.uasset" 297
"../../../Engine/Content/EngineMaterials/Good64x64TilingNoiseHighFreq.uexp" 298
"../../../Engine/Content/EngineMaterials/MiniFont.uasset" 299
"../../../Engine/Content/EngineMaterials/MiniFont.uexp" 300
"../../../Engine/Content/EngineMaterials/InvalidLightmapSettings.uasset" 301
"../../../Engine/Content/EngineMaterials/InvalidLightmapSettings.uexp" 302
"../../../Engine/Content/EngineMaterials/InvalidLightmapSettings.ubulk" 303
"../../../Engine/Content/EngineMaterials/M_InvalidLightmapSettings.uasset" 304
"../../../Engine/Content/EngineMaterials/M_InvalidLightmapSettings.uexp" 305
"../../../Engine/Content/Functions/Engine_MaterialFunctions02/WorldPositionOffset/CameraOffset.uasset" 306
"../../../Engine/Content/Functions/Engine_MaterialFunctions02/WorldPositionOffset/CameraOffset.uexp" 307
"../../../Engine/Content/EngineMaterials/PhAT_JointLimitMaterial.uasset" 308
"../../../Engine/Content/EngineMaterials/PhAT_JointLimitMaterial.uexp" 309
"../../../Engine/Content/EngineMaterials/DefaultCalibrationColor.uasset" 310
"../../../Engine/Content/EngineMaterials/DefaultCalibrationColor.uexp" 311
"../../../Engine/Content/EngineMaterials/PPM_DefaultCalibrationColor.uasset" 312
"../../../Engine/Content/EngineMaterials/PPM_DefaultCalibrationColor.uexp" 313
"../../../Engine/Content/EngineMaterials/DefaultCalibrationGrayscale.uasset" 314
"../../../Engine/Content/EngineMaterials/DefaultCalibrationGrayscale.uexp" 315
"../../../Engine/Content/EngineMaterials/PPM_DefaultCalibrationGrayscale.uasset" 316
"../../../Engine/Content/EngineMaterials/PPM_DefaultCalibrationGrayscale.uexp" 317
"../../../Engine/Content/EngineMaterials/PreintegratedSkinBRDF.uasset" 318
"../../../Engine/Content/EngineMaterials/PreintegratedSkinBRDF.uexp" 319
"../../../Engine/Content/EngineMaterials/RemoveSurfaceMaterial.uasset" 320
"../../../Engine/Content/EngineMaterials/RemoveSurfaceMaterial.uexp" 321
"../../../Engine/Content/EngineMaterials/WeightMapPlaceholderTexture.uasset" 322
"../../../Engine/Content/EngineMaterials/WeightMapPlaceholderTexture.uexp" 323
"../../../Engine/Content/EngineResources/WhiteSquareTexture.uasset" 324
"../../../Engine/Content/EngineResources/WhiteSquareTexture.uexp" 325
"../../../Engine/Content/EngineMaterials/Widget3DPassThrough.uasset" 326
"../../../Engine/Content/EngineMaterials/Widget3DPassThrough.uexp" 327
"../../../Engine/Content/EngineMaterials/Widget3DPassThrough_Masked.uasset" 328
"../../../Engine/Content/EngineMaterials/Widget3DPassThrough_Masked.uexp" 329
"../../../Engine/Content/EngineMaterials/Widget3DPassThrough_Opaque.uasset" 330
"../../../Engine/Content/EngineMaterials/Widget3DPassThrough_Opaque.uexp" 331
"../../../Engine/Content/EngineMaterials/Widget3DPassThrough_Masked_OneSided.uasset" 332
"../../../Engine/Content/EngineMaterials/Widget3DPassThrough_Masked_OneSided.uexp" 333
"../../../Engine/Content/EngineMaterials/Widget3DPassThrough_Opaque_OneSided.uasset" 334
"../../../Engine/Content/EngineMaterials/Widget3DPassThrough_Opaque_OneSided.uexp" 335
"../../../Engine/Content/EngineMaterials/Widget3DPassThrough_Translucent.uasset" 336
"../../../Engine/Content/EngineMaterials/Widget3DPassThrough_Translucent.uexp" 337
"../../../Engine/Content/EngineMaterials/Widget3DPassThrough_Translucent_OneSided.uasset" 338
"../../../Engine/Content/EngineMaterials/Widget3DPassThrough_Translucent_OneSided.uexp" 339
"../../../Engine/Content/EngineMeshes/Cylinder.uasset" 340
"../../../Engine/Content/EngineMeshes/Cylinder.uexp" 341
"../../../Engine/Content/EngineMeshes/Sphere.uasset" 342
"../../../Engine/Content/EngineMeshes/Sphere.uexp" 343
"../../../Engine/Content/EngineResources/DefaultTexture.uasset" 344
"../../../Engine/Content/EngineResources/DefaultTexture.uexp" 345
"../../../Engine/Content/EngineResources/DefaultTexture.ubulk" 346
"../../../Engine/Content/EngineResources/DefaultTextureCube.uasset" 347
"../../../Engine/Content/EngineResources/DefaultTextureCube.uexp" 348
"../../../Engine/Content/EngineResources/DefaultVolumeTexture2D.uasset" 349
"../../../Engine/Content/EngineResources/DefaultVolumeTexture2D.uexp" 350
"../../../Engine/Content/EngineResources/DefaultVolumeTexture.uasset" 351
"../../../Engine/Content/EngineResources/DefaultVolumeTexture.uexp" 352
"../../../Engine/Content/EngineResources/GradientTexture0.uasset" 353
"../../../Engine/Content/EngineResources/GradientTexture0.uexp" 354
"../../../Engine/Content/EngineSky/VolumetricClouds/T_NoiseShape64.uasset" 355
"../../../Engine/Content/EngineSky/VolumetricClouds/T_NoiseShape64.uexp" 356
"../../../Engine/Content/EngineSky/VolumetricClouds/T_NoiseShape64.ubulk" 357
"../../../Engine/Content/EngineSky/VolumetricClouds/T_VolumeNoiseShape64.uasset" 358
"../../../Engine/Content/EngineSky/VolumetricClouds/T_VolumeNoiseShape64.uexp" 359
"../../../Engine/Content/EngineSky/VolumetricClouds/T_NoiseErosion.uasset" 360
"../../../Engine/Content/EngineSky/VolumetricClouds/T_NoiseErosion.uexp" 361
"../../../Engine/Content/EngineSky/VolumetricClouds/T_NoiseErosion.ubulk" 362
"../../../Engine/Content/EngineSky/VolumetricClouds/T_VolumeNoiseErosion32.uasset" 363
"../../../Engine/Content/EngineSky/VolumetricClouds/T_VolumeNoiseErosion32.uexp" 364
"../../../Engine/Content/EngineSky/VolumetricClouds/CloudWeatherTexture.uasset" 365
"../../../Engine/Content/EngineSky/VolumetricClouds/CloudWeatherTexture.uexp" 366
"../../../Engine/Content/EngineSky/VolumetricClouds/CloudGradientTexture.uasset" 367
"../../../Engine/Content/EngineSky/VolumetricClouds/CloudGradientTexture.uexp" 368
"../../../Engine/Content/Functions/Engine_MaterialFunctions02/Utility/MakeFloat2.uasset" 369
"../../../Engine/Content/Functions/Engine_MaterialFunctions02/Utility/MakeFloat2.uexp" 370
"../../../Engine/Content/EngineSky/VolumetricClouds/m_SimpleVolumetricCloud.uasset" 371
"../../../Engine/Content/EngineSky/VolumetricClouds/m_SimpleVolumetricCloud.uexp" 372
"../../../Engine/Content/EngineSky/VolumetricClouds/m_SimpleVolumetricCloud_Inst.uasset" 373
"../../../Engine/Content/EngineSky/VolumetricClouds/m_SimpleVolumetricCloud_Inst.uexp" 374
"../../../Engine/Content/EngineSounds/Master.uasset" 375
"../../../Engine/Content/EngineSounds/Master.uexp" 376
"../../../Engine/Content/Functions/Engine_MaterialFunctions01/Shading/PowerToRoughness.uasset" 377
"../../../Engine/Content/Functions/Engine_MaterialFunctions01/Shading/PowerToRoughness.uexp" 378
"../../../Engine/Content/Maps/Templates/Thumbnails/Default.uasset" 379
"../../../Engine/Content/Maps/Templates/Thumbnails/Default.uexp" 380
"../../../Engine/Content/Maps/Templates/Thumbnails/TimeOfDay.uasset" 381
"../../../Engine/Content/Maps/Templates/Thumbnails/TimeOfDay.uexp" 382
"../../../Engine/Content/Maps/Templates/Thumbnails/VR-Basic.uasset" 383
"../../../Engine/Content/Maps/Templates/Thumbnails/VR-Basic.uexp" 384
"../../../Engine/Content/MobileResources/T_MobileControls_texture.uasset" 385
"../../../Engine/Content/MobileResources/T_MobileControls_texture.uexp" 386
"../../../Engine/Content/MobileResources/T_MobileMenu2.uasset" 387
"../../../Engine/Content/MobileResources/T_MobileMenu2.uexp" 388
"../../../Engine/Content/MobileResources/HUD/AnalogHat.uasset" 389
"../../../Engine/Content/MobileResources/HUD/AnalogHat.uexp" 390
"../../../Engine/Content/MobileResources/HUD/VirtualJoystick_Thumb.uasset" 391
"../../../Engine/Content/MobileResources/HUD/VirtualJoystick_Thumb.uexp" 392
"../../../Engine/Content/MobileResources/HUD/VirtualJoystick_Background.uasset" 393
"../../../Engine/Content/MobileResources/HUD/VirtualJoystick_Background.uexp" 394
"../../../Engine/Content/MobileResources/HUD/DefaultVirtualJoysticks.uasset" 395
"../../../Engine/Content/MobileResources/HUD/DefaultVirtualJoysticks.uexp" 396
"../../../Engine/Content/MobileResources/HUD/LeftVirtualJoystickOnly.uasset" 397
"../../../Engine/Content/MobileResources/HUD/LeftVirtualJoystickOnly.uexp" 398
"../../../Engine/Content/MobileResources/HUD/MobileHUDButton1_off.uasset" 399
"../../../Engine/Content/MobileResources/HUD/MobileHUDButton1_off.uexp" 400
"../../../Engine/Content/MobileResources/HUD/MobileHUDButton1_on.uasset" 401
"../../../Engine/Content/MobileResources/HUD/MobileHUDButton1_on.uexp" 402
"../../../Engine/Content/MobileResources/HUD/MobileHUDButton2_off.uasset" 403
"../../../Engine/Content/MobileResources/HUD/MobileHUDButton2_off.uexp" 404
"../../../Engine/Content/MobileResources/HUD/MobileHUDButton2_on.uasset" 405
"../../../Engine/Content/MobileResources/HUD/MobileHUDButton2_on.uexp" 406
"../../../Engine/Content/MobileResources/HUD/MobileHUDButton3.uasset" 407
"../../../Engine/Content/MobileResources/HUD/MobileHUDButton3.uexp" 408
"../../../Engine/Content/MobileResources/HUD/MobileHUDButtonFire.uasset" 409
"../../../Engine/Content/MobileResources/HUD/MobileHUDButtonFire.uexp" 410
"../../../Engine/Content/MobileResources/HUD/MobileHUDDirectionPad.uasset" 411
"../../../Engine/Content/MobileResources/HUD/MobileHUDDirectionPad.uexp" 412
"../../../Engine/Content/MobileResources/HUD/MobileHUDDirectionPad2.uasset" 413
"../../../Engine/Content/MobileResources/HUD/MobileHUDDirectionPad2.uexp" 414
"../../../Engine/Content/MobileResources/HUD/MobileHUDDirectionPad3.uasset" 415
"../../../Engine/Content/MobileResources/HUD/MobileHUDDirectionPad3.uexp" 416
"../../../Engine/Content/MobileResources/HUD/MobileHUDDirectionStick.uasset" 417
"../../../Engine/Content/MobileResources/HUD/MobileHUDDirectionStick.uexp" 418
"../../../Engine/Content/MobileResources/HUD/T_Castle_ThumbstickInner.uasset" 419
"../../../Engine/Content/MobileResources/HUD/T_Castle_ThumbstickInner.uexp" 420
"../../../Engine/Content/MobileResources/HUD/T_Castle_ThumbstickOutter.uasset" 421
"../../../Engine/Content/MobileResources/HUD/T_Castle_ThumbstickOutter.uexp" 422
"../../../Engine/Content/Tutorial/ContentIntroCurve.uasset" 423
"../../../Engine/Content/Tutorial/ContentIntroCurve.uexp" 424
"../../../Engine/Content/Tutorial/Basics/TutorialAssets/icon_tab_Levels_40x.uasset" 425
"../../../Engine/Content/Tutorial/Basics/TutorialAssets/icon_tab_Levels_40x.uexp" 426
"../../../Engine/Content/VREditor/TransformGizmo/TranslucentTransformGizmoMaterial.uasset" 427
"../../../Engine/Content/VREditor/TransformGizmo/TranslucentTransformGizmoMaterial.uexp" 428
"../../../Engine/Content/VREditor/LaserPointer/VR_LaserPower_01.uasset" 429
"../../../Engine/Content/VREditor/LaserPointer/VR_LaserPower_01.uexp" 430
"../../../Engine/Content/VREditor/LaserPointer/VR_LaserPower_01.ubulk" 431
"../../../Engine/Content/VREditor/TransformGizmo/TransformGizmoMaterial.uasset" 432
"../../../Engine/Content/VREditor/TransformGizmo/TransformGizmoMaterial.uexp" 433
"../../../Engine/Content/VREditor/TransformGizmo/BoundingBoxCorner.uasset" 434
"../../../Engine/Content/VREditor/TransformGizmo/BoundingBoxCorner.uexp" 435
"../../../Engine/Content/VREditor/TransformGizmo/BoundingBoxEdge.uasset" 436
"../../../Engine/Content/VREditor/TransformGizmo/BoundingBoxEdge.uexp" 437
"../../../Engine/Content/VREditor/TransformGizmo/PlaneTranslationHandle.uasset" 438
"../../../Engine/Content/VREditor/TransformGizmo/PlaneTranslationHandle.uexp" 439
"../../../Engine/Content/VREditor/TransformGizmo/Xray.uasset" 440
"../../../Engine/Content/VREditor/TransformGizmo/Xray.uexp" 441
"../../../Engine/Content/VREditor/TransformGizmo/Main.uasset" 442
"../../../Engine/Content/VREditor/TransformGizmo/Main.uexp" 443
"../../../Engine/Content/VREditor/TransformGizmo/SM_Sequencer_Key.uasset" 444
"../../../Engine/Content/VREditor/TransformGizmo/SM_Sequencer_Key.uexp" 445
"../../../Engine/Content/VREditor/TransformGizmo/SM_Sequencer_Node.uasset" 446
"../../../Engine/Content/VREditor/TransformGizmo/SM_Sequencer_Node.uexp" 447
"../../../Engine/Plugins/2D/Paper2D/Content/PlaceholderTextures/DummySpriteTexture.uasset" 448
"../../../Engine/Plugins/2D/Paper2D/Content/PlaceholderTextures/DummySpriteTexture.uexp" 449
"../../../Engine/Plugins/2D/Paper2D/Content/PlaceholderTextures/DummySpriteTexture.ubulk" 450
"../../../Engine/Plugins/2D/Paper2D/Content/DummySprite.uasset" 451
"../../../Engine/Plugins/2D/Paper2D/Content/DummySprite.uexp" 452
"../../../Engine/Plugins/2D/Paper2D/Content/DefaultPaperTerrainMaterial.uasset" 453
"../../../Engine/Plugins/2D/Paper2D/Content/DefaultPaperTerrainMaterial.uexp" 454
"../../../Engine/Plugins/2D/Paper2D/Content/DefaultSpriteMaterial.uasset" 455
"../../../Engine/Plugins/2D/Paper2D/Content/DefaultSpriteMaterial.uexp" 456
"../../../Engine/Plugins/2D/Paper2D/Content/MaskedUnlitSpriteMaterial.uasset" 457
"../../../Engine/Plugins/2D/Paper2D/Content/MaskedUnlitSpriteMaterial.uexp" 458
"../../../Engine/Plugins/2D/Paper2D/Content/OpaqueUnlitSpriteMaterial.uasset" 459
"../../../Engine/Plugins/2D/Paper2D/Content/OpaqueUnlitSpriteMaterial.uexp" 460
"../../../Engine/Content/Functions/Engine_MaterialFunctions02/Utility/BreakOutFloat3Components.uasset" 461
"../../../Engine/Content/Functions/Engine_MaterialFunctions02/Utility/BreakOutFloat3Components.uexp" 462
"../../../Engine/Plugins/Editor/SpeedTreeImporter/Content/SpeedTree9/UnpackInteger3.uasset" 463
"../../../Engine/Plugins/Editor/SpeedTreeImporter/Content/SpeedTree9/UnpackInteger3.uexp" 464
"../../../Engine/Plugins/Editor/SpeedTreeImporter/Content/SpeedTree9/UnpackDirection.uasset" 465
"../../../Engine/Plugins/Editor/SpeedTreeImporter/Content/SpeedTree9/UnpackDirection.uexp" 466
"../../../Engine/Plugins/Editor/SpeedTreeImporter/Content/SpeedTree9/game_wind_noise.uasset" 467
"../../../Engine/Plugins/Editor/SpeedTreeImporter/Content/SpeedTree9/game_wind_noise.uexp" 468
"../../../Engine/Plugins/Editor/SpeedTreeImporter/Content/SpeedTree9/game_wind_noise.ubulk" 469
"../../../Engine/Content/Functions/Engine_MaterialFunctions02/SafeNormalize.uasset" 470
"../../../Engine/Content/Functions/Engine_MaterialFunctions02/SafeNormalize.uexp" 471
"../../../Engine/Plugins/Editor/SpeedTreeImporter/Content/SpeedTree9/SpeedTreeWindMotion.uasset" 472
"../../../Engine/Plugins/Editor/SpeedTreeImporter/Content/SpeedTree9/SpeedTreeWindMotion.uexp" 473
"../../../Engine/Plugins/Editor/SpeedTreeImporter/Content/SpeedTree9/SpeedTreeBranchMotion.uasset" 474
"../../../Engine/Plugins/Editor/SpeedTreeImporter/Content/SpeedTree9/SpeedTreeBranchMotion.uexp" 475
"../../../Engine/Content/Functions/Engine_MaterialFunctions02/ObjectLocalBounds.uasset" 476
"../../../Engine/Content/Functions/Engine_MaterialFunctions02/ObjectLocalBounds.uexp" 477
"../../../Engine/Content/Functions/Engine_MaterialFunctions02/UVs/BoundingBoxBased_0-1_UVW.uasset" 478
"../../../Engine/Content/Functions/Engine_MaterialFunctions02/UVs/BoundingBoxBased_0-1_UVW.uexp" 479
"../../../Engine/Content/Functions/Engine_MaterialFunctions02/Utility/VectorLength.uasset" 480
"../../../Engine/Content/Functions/Engine_MaterialFunctions02/Utility/VectorLength.uexp" 481
"../../../Engine/Content/Functions/Engine_MaterialFunctions02/WorldPositionOffset/ObjectScale.uasset" 482
"../../../Engine/Content/Functions/Engine_MaterialFunctions02/WorldPositionOffset/ObjectScale.uexp" 483
"../../../Engine/Plugins/Editor/SpeedTreeImporter/Content/SpeedTree9/SpeedTreeWind.uasset" 484
"../../../Engine/Plugins/Editor/SpeedTreeImporter/Content/SpeedTree9/SpeedTreeWind.uexp" 485
"../../../Engine/Plugins/Editor/SpeedTreeImporter/Content/SpeedTree9/SpeedTreeBillboard.uasset" 486
"../../../Engine/Plugins/Editor/SpeedTreeImporter/Content/SpeedTree9/SpeedTreeBillboard.uexp" 487
"../../../Engine/Plugins/Editor/SpeedTreeImporter/Content/SpeedTree9/EmptyNormal.uasset" 488
"../../../Engine/Plugins/Editor/SpeedTreeImporter/Content/SpeedTree9/EmptyNormal.uexp" 489
"../../../Engine/Plugins/Editor/SpeedTreeImporter/Content/SpeedTree9/Empty.uasset" 490
"../../../Engine/Plugins/Editor/SpeedTreeImporter/Content/SpeedTree9/Empty.uexp" 491
"../../../Engine/Plugins/Editor/SpeedTreeImporter/Content/SpeedTree9/SpeedTreeBillboardMaster.uasset" 492
"../../../Engine/Plugins/Editor/SpeedTreeImporter/Content/SpeedTree9/SpeedTreeBillboardMaster.uexp" 493
"../../../Engine/Plugins/Editor/SpeedTreeImporter/Content/SpeedTree9/SpeedTreeCameraFacing.uasset" 494
"../../../Engine/Plugins/Editor/SpeedTreeImporter/Content/SpeedTree9/SpeedTreeCameraFacing.uexp" 495
"../../../Engine/Plugins/Editor/SpeedTreeImporter/Content/SpeedTree9/SpeedTreeMaster.uasset" 496
"../../../Engine/Plugins/Editor/SpeedTreeImporter/Content/SpeedTree9/SpeedTreeMaster.uexp" 497
"../../../Engine/Content/BasicShapes/Cylinder.uasset" 498
"../../../Engine/Content/BasicShapes/Cylinder.uexp" 499
"../../../Engine/Content/ArtTools/RenderToTexture/Materials/Debug/M_Emissive_Color.uasset" 500
"../../../Engine/Content/ArtTools/RenderToTexture/Materials/Debug/M_Emissive_Color.uexp" 501
"../../../Engine/Plugins/Lumin/MagicLeapPassableWorld/Content/MagicLeapARPinInfoActor.uasset" 502
"../../../Engine/Plugins/Lumin/MagicLeapPassableWorld/Content/MagicLeapARPinInfoActor.uexp" 503
"../../../Engine/Plugins/Runtime/OpenXR/Content/Devices/GoogleDaydream/MRTexture.uasset" 504
"../../../Engine/Plugins/Runtime/OpenXR/Content/Devices/GoogleDaydream/MRTexture.uexp" 505
"../../../Engine/Plugins/Runtime/OpenXR/Content/Devices/GoogleDaydream/MRTexture.ubulk" 506
"../../../Engine/Plugins/Runtime/OpenXR/Content/Devices/GoogleDaydream/BaseTexture.uasset" 507
"../../../Engine/Plugins/Runtime/OpenXR/Content/Devices/GoogleDaydream/BaseTexture.uexp" 508
"../../../Engine/Plugins/Runtime/OpenXR/Content/Devices/GoogleDaydream/BaseTexture.ubulk" 509
"../../../Engine/Content/EngineResources/Black.uasset" 510
"../../../Engine/Content/EngineResources/Black.uexp" 511
"../../../Engine/Plugins/Runtime/OpenXR/Content/Devices/M_XRController.uasset" 512
"../../../Engine/Plugins/Runtime/OpenXR/Content/Devices/M_XRController.uexp" 513
"../../../Engine/Plugins/Runtime/OpenXR/Content/Devices/GoogleDaydream/MI_GoogleDaydream.uasset" 514
"../../../Engine/Plugins/Runtime/OpenXR/Content/Devices/GoogleDaydream/MI_GoogleDaydream.uexp" 515
"../../../Engine/Plugins/Runtime/OpenXR/Content/Devices/GoogleDaydream/GoogleDaydreamController.uasset" 516
"../../../Engine/Plugins/Runtime/OpenXR/Content/Devices/GoogleDaydream/GoogleDaydreamController.uexp" 517
"../../../Engine/Plugins/Runtime/OpenXR/Content/Devices/HTCVive/BaseTexture.uasset" 518
"../../../Engine/Plugins/Runtime/OpenXR/Content/Devices/HTCVive/BaseTexture.uexp" 519
"../../../Engine/Plugins/Runtime/OpenXR/Content/Devices/HTCVive/BaseTexture.ubulk" 520
"../../../Engine/Plugins/Runtime/OpenXR/Content/Devices/HTCVive/MI_HTCVive.uasset" 521
"../../../Engine/Plugins/Runtime/OpenXR/Content/Devices/HTCVive/MI_HTCVive.uexp" 522
"../../../Engine/Plugins/Runtime/OpenXR/Content/Devices/HTCVive/HTCViveController.uasset" 523
"../../../Engine/Plugins/Runtime/OpenXR/Content/Devices/HTCVive/HTCViveController.uexp" 524
"../../../Engine/Plugins/Runtime/OpenXR/Content/Devices/MicrosoftMixedReality/EmissiveTexture.uasset" 525
"../../../Engine/Plugins/Runtime/OpenXR/Content/Devices/MicrosoftMixedReality/EmissiveTexture.uexp" 526
"../../../Engine/Plugins/Runtime/OpenXR/Content/Devices/MicrosoftMixedReality/EmissiveTexture.ubulk" 527
"../../../Engine/Plugins/Runtime/OpenXR/Content/Devices/MicrosoftMixedReality/BaseTexture.uasset" 528
"../../../Engine/Plugins/Runtime/OpenXR/Content/Devices/MicrosoftMixedReality/BaseTexture.uexp" 529
"../../../Engine/Plugins/Runtime/OpenXR/Content/Devices/MicrosoftMixedReality/BaseTexture.ubulk" 530
"../../../Engine/Plugins/Runtime/OpenXR/Content/Devices/MicrosoftMixedReality/NormalTexture.uasset" 531
"../../../Engine/Plugins/Runtime/OpenXR/Content/Devices/MicrosoftMixedReality/NormalTexture.uexp" 532
"../../../Engine/Plugins/Runtime/OpenXR/Content/Devices/MicrosoftMixedReality/NormalTexture.ubulk" 533
"../../../Engine/Plugins/Runtime/OpenXR/Content/Devices/MicrosoftMixedReality/MRTexture.uasset" 534
"../../../Engine/Plugins/Runtime/OpenXR/Content/Devices/MicrosoftMixedReality/MRTexture.uexp" 535
"../../../Engine/Plugins/Runtime/OpenXR/Content/Devices/MicrosoftMixedReality/MRTexture.ubulk" 536
"../../../Engine/Plugins/Runtime/OpenXR/Content/Devices/MicrosoftMixedReality/MI_MicrosoftMixedReality.uasset" 537
"../../../Engine/Plugins/Runtime/OpenXR/Content/Devices/MicrosoftMixedReality/MI_MicrosoftMixedReality.uexp" 538
"../../../Engine/Plugins/Runtime/OpenXR/Content/Devices/MicrosoftMixedReality/Left/left_MicrosoftMixedRealityController.uasset" 539
"../../../Engine/Plugins/Runtime/OpenXR/Content/Devices/MicrosoftMixedReality/Left/left_MicrosoftMixedRealityController.uexp" 540
"../../../Engine/Plugins/Runtime/OpenXR/Content/Devices/MicrosoftMixedReality/Right/right_MicrosoftMixedRealityController.uasset" 541
"../../../Engine/Plugins/Runtime/OpenXR/Content/Devices/MicrosoftMixedReality/Right/right_MicrosoftMixedRealityController.uexp" 542
"../../../Engine/Plugins/Runtime/OpenXR/Content/Devices/OculusGo/BaseTexture.uasset" 543
"../../../Engine/Plugins/Runtime/OpenXR/Content/Devices/OculusGo/BaseTexture.uexp" 544
"../../../Engine/Plugins/Runtime/OpenXR/Content/Devices/OculusGo/BaseTexture.ubulk" 545
"../../../Engine/Plugins/Runtime/OpenXR/Content/Devices/OculusGo/MI_OculusGo.uasset" 546
"../../../Engine/Plugins/Runtime/OpenXR/Content/Devices/OculusGo/MI_OculusGo.uexp" 547
"../../../Engine/Plugins/Runtime/OpenXR/Content/Devices/OculusGo/OculusGoController.uasset" 548
"../../../Engine/Plugins/Runtime/OpenXR/Content/Devices/OculusGo/OculusGoController.uexp" 549
"../../../Engine/Plugins/Runtime/OpenXR/Content/Devices/OculusTouch/MRTexture.uasset" 550
"../../../Engine/Plugins/Runtime/OpenXR/Content/Devices/OculusTouch/MRTexture.uexp" 551
"../../../Engine/Plugins/Runtime/OpenXR/Content/Devices/OculusTouch/MRTexture.ubulk" 552
"../../../Engine/Plugins/Runtime/OpenXR/Content/Devices/OculusTouch/BaseTexture.uasset" 553
"../../../Engine/Plugins/Runtime/OpenXR/Content/Devices/OculusTouch/BaseTexture.uexp" 554
"../../../Engine/Plugins/Runtime/OpenXR/Content/Devices/OculusTouch/BaseTexture.ubulk" 555
"../../../Engine/Plugins/Runtime/OpenXR/Content/Devices/OculusTouch/MI_OculusTouch.uasset" 556
"../../../Engine/Plugins/Runtime/OpenXR/Content/Devices/OculusTouch/MI_OculusTouch.uexp" 557
"../../../Engine/Plugins/Runtime/OpenXR/Content/Devices/OculusTouch/Left/left_OculusTouchController.uasset" 558
"../../../Engine/Plugins/Runtime/OpenXR/Content/Devices/OculusTouch/Left/left_OculusTouchController.uexp" 559
"../../../Engine/Plugins/Runtime/OpenXR/Content/Devices/OculusTouch/Right/right_OculusTouchController.uasset" 560
"../../../Engine/Plugins/Runtime/OpenXR/Content/Devices/OculusTouch/Right/right_OculusTouchController.uexp" 561
"../../../Engine/Plugins/Runtime/OpenXR/Content/Devices/OculusTouch_v2/MRTexture.uasset" 562
"../../../Engine/Plugins/Runtime/OpenXR/Content/Devices/OculusTouch_v2/MRTexture.uexp" 563
"../../../Engine/Plugins/Runtime/OpenXR/Content/Devices/OculusTouch_v2/MRTexture.ubulk" 564
"../../../Engine/Plugins/Runtime/OpenXR/Content/Devices/OculusTouch_v2/BaseTexture.uasset" 565
"../../../Engine/Plugins/Runtime/OpenXR/Content/Devices/OculusTouch_v2/BaseTexture.uexp" 566
"../../../Engine/Plugins/Runtime/OpenXR/Content/Devices/OculusTouch_v2/BaseTexture.ubulk" 567
"../../../Engine/Plugins/Runtime/OpenXR/Content/Devices/OculusTouch_v2/MI_OculusTouch_v2.uasset" 568
"../../../Engine/Plugins/Runtime/OpenXR/Content/Devices/OculusTouch_v2/MI_OculusTouch_v2.uexp" 569
"../../../Engine/Plugins/Runtime/OpenXR/Content/Devices/OculusTouch_v2/Left/left_OculusTouch_v2Controller.uasset" 570
"../../../Engine/Plugins/Runtime/OpenXR/Content/Devices/OculusTouch_v2/Left/left_OculusTouch_v2Controller.uexp" 571
"../../../Engine/Plugins/Runtime/OpenXR/Content/Devices/OculusTouch_v2/Right/right_OculusTouch_v2Controller.uasset" 572
"../../../Engine/Plugins/Runtime/OpenXR/Content/Devices/OculusTouch_v2/Right/right_OculusTouch_v2Controller.uexp" 573
"../../../Engine/Plugins/Runtime/OpenXR/Content/Devices/OculusTouch_v3/MRTexture.uasset" 574
"../../../Engine/Plugins/Runtime/OpenXR/Content/Devices/OculusTouch_v3/MRTexture.uexp" 575
"../../../Engine/Plugins/Runtime/OpenXR/Content/Devices/OculusTouch_v3/MRTexture.ubulk" 576
"../../../Engine/Plugins/Runtime/OpenXR/Content/Devices/OculusTouch_v3/BaseTexture.uasset" 577
"../../../Engine/Plugins/Runtime/OpenXR/Content/Devices/OculusTouch_v3/BaseTexture.uexp" 578
"../../../Engine/Plugins/Runtime/OpenXR/Content/Devices/OculusTouch_v3/BaseTexture.ubulk" 579
"../../../Engine/Plugins/Runtime/OpenXR/Content/Devices/OculusTouch_v3/MI_OculusTouch_v3.uasset" 580
"../../../Engine/Plugins/Runtime/OpenXR/Content/Devices/OculusTouch_v3/MI_OculusTouch_v3.uexp" 581
"../../../Engine/Plugins/Runtime/OpenXR/Content/Devices/OculusTouch_v3/Left/left_OculusTouch_v3Controller.uasset" 582
"../../../Engine/Plugins/Runtime/OpenXR/Content/Devices/OculusTouch_v3/Left/left_OculusTouch_v3Controller.uexp" 583
"../../../Engine/Plugins/Runtime/OpenXR/Content/Devices/OculusTouch_v3/Right/right_OculusTouch_v3Controller.uasset" 584
"../../../Engine/Plugins/Runtime/OpenXR/Content/Devices/OculusTouch_v3/Right/right_OculusTouch_v3Controller.uexp" 585
"../../../Engine/Plugins/Runtime/OpenXR/Content/Devices/ValveIndex/MRTexture.uasset" 586
"../../../Engine/Plugins/Runtime/OpenXR/Content/Devices/ValveIndex/MRTexture.uexp" 587
"../../../Engine/Plugins/Runtime/OpenXR/Content/Devices/ValveIndex/MRTexture.ubulk" 588
"../../../Engine/Plugins/Runtime/OpenXR/Content/Devices/ValveIndex/BaseTexture.uasset" 589
"../../../Engine/Plugins/Runtime/OpenXR/Content/Devices/ValveIndex/BaseTexture.uexp" 590
"../../../Engine/Plugins/Runtime/OpenXR/Content/Devices/ValveIndex/BaseTexture.ubulk" 591
"../../../Engine/Plugins/Runtime/OpenXR/Content/Devices/ValveIndex/Left/MI_left_ValveIndex.uasset" 592
"../../../Engine/Plugins/Runtime/OpenXR/Content/Devices/ValveIndex/Left/MI_left_ValveIndex.uexp" 593
"../../../Engine/Plugins/Runtime/OpenXR/Content/Devices/ValveIndex/Left/left_ValveIndexController.uasset" 594
"../../../Engine/Plugins/Runtime/OpenXR/Content/Devices/ValveIndex/Left/left_ValveIndexController.uexp" 595
"../../../Engine/Plugins/Runtime/OpenXR/Content/Devices/ValveIndex/Right/MI_right_ValveIndex.uasset" 596
"../../../Engine/Plugins/Runtime/OpenXR/Content/Devices/ValveIndex/Right/MI_right_ValveIndex.uexp" 597
"../../../Engine/Plugins/Runtime/OpenXR/Content/Devices/ValveIndex/Right/right_ValveIndexController.uasset" 598
"../../../Engine/Plugins/Runtime/OpenXR/Content/Devices/ValveIndex/Right/right_ValveIndexController.uexp" 599
"../../../Engine/Content/Functions/Engine_MaterialFunctions02/Utility/BreakOutFloat4Components.uasset" 600
"../../../Engine/Content/Functions/Engine_MaterialFunctions02/Utility/BreakOutFloat4Components.uexp" 601
"../../../Engine/Content/Functions/Engine_MaterialFunctions02/Utility/MakeFloat3.uasset" 602
"../../../Engine/Content/Functions/Engine_MaterialFunctions02/Utility/MakeFloat3.uexp" 603
"../../../Engine/Plugins/Runtime/Oculus/OculusVR/Content/Materials/OculusMR_ChromaKey.uasset" 604
"../../../Engine/Plugins/Runtime/Oculus/OculusVR/Content/Materials/OculusMR_ChromaKey.uexp" 605
"../../../Engine/Plugins/Runtime/Oculus/OculusVR/Content/Materials/OculusMR_OpaqueColoredMaterial.uasset" 606
"../../../Engine/Plugins/Runtime/Oculus/OculusVR/Content/Materials/OculusMR_OpaqueColoredMaterial.uexp" 607
"../../../Engine/Plugins/Runtime/Oculus/OculusVR/Content/Materials/PokeAHoleMaterial.uasset" 608
"../../../Engine/Plugins/Runtime/Oculus/OculusVR/Content/Materials/PokeAHoleMaterial.uexp" 609
"../../../Engine/Plugins/Runtime/Oculus/OculusVR/Content/Textures/touchController_controlmap.uasset" 610
"../../../Engine/Plugins/Runtime/Oculus/OculusVR/Content/Textures/touchController_controlmap.uexp" 611
"../../../Engine/Plugins/Runtime/Oculus/OculusVR/Content/Textures/touchController_controlmap.ubulk" 612
"../../../Engine/Plugins/Runtime/Oculus/OculusVR/Content/Textures/touchController_albedo.uasset" 613
"../../../Engine/Plugins/Runtime/Oculus/OculusVR/Content/Textures/touchController_albedo.uexp" 614
"../../../Engine/Plugins/Runtime/Oculus/OculusVR/Content/Textures/touchController_albedo.ubulk" 615
"../../../Engine/Plugins/Runtime/Oculus/OculusVR/Content/Materials/touchController_mat.uasset" 616
"../../../Engine/Plugins/Runtime/Oculus/OculusVR/Content/Materials/touchController_mat.uexp" 617
"../../../Engine/Plugins/Runtime/Oculus/OculusVR/Content/Meshes/LeftTouchController.uasset" 618
"../../../Engine/Plugins/Runtime/Oculus/OculusVR/Content/Meshes/LeftTouchController.uexp" 619
"../../../Engine/Plugins/Runtime/Oculus/OculusVR/Content/Textures/TouchForQuestRiftSController_albedo.uasset" 620
"../../../Engine/Plugins/Runtime/Oculus/OculusVR/Content/Textures/TouchForQuestRiftSController_albedo.uexp" 621
"../../../Engine/Plugins/Runtime/Oculus/OculusVR/Content/Textures/TouchForQuestRiftSController_albedo.ubulk" 622
"../../../Engine/Plugins/Runtime/Oculus/OculusVR/Content/Materials/TouchForQuestRiftSControllerMaterial.uasset" 623
"../../../Engine/Plugins/Runtime/Oculus/OculusVR/Content/Materials/TouchForQuestRiftSControllerMaterial.uexp" 624
"../../../Engine/Plugins/Runtime/Oculus/OculusVR/Content/Meshes/LeftTouchForQuestRiftSController.uasset" 625
"../../../Engine/Plugins/Runtime/Oculus/OculusVR/Content/Meshes/LeftTouchForQuestRiftSController.uexp" 626
"../../../Engine/Plugins/Runtime/Oculus/OculusVR/Content/Meshes/RiftHMD.uasset" 627
"../../../Engine/Plugins/Runtime/Oculus/OculusVR/Content/Meshes/RiftHMD.uexp" 628
"../../../Engine/Plugins/Runtime/Oculus/OculusVR/Content/Meshes/RightTouchController.uasset" 629
"../../../Engine/Plugins/Runtime/Oculus/OculusVR/Content/Meshes/RightTouchController.uexp" 630
"../../../Engine/Plugins/Runtime/Oculus/OculusVR/Content/Meshes/RightTouchForQuestRiftSController.uasset" 631
"../../../Engine/Plugins/Runtime/Oculus/OculusVR/Content/Meshes/RightTouchForQuestRiftSController.uexp" 632
"F:/Unreal Engine Projects/BSc2b/Content/Meshes/Vial_8.uasset" 633
"F:/Unreal Engine Projects/BSc2b/Content/Meshes/Vial_8.uexp" 634
"F:/Unreal Engine Projects/BSc2b/Content/Meshes/Vial_6.uasset" 635
"F:/Unreal Engine Projects/BSc2b/Content/Meshes/Vial_6.uexp" 636
"F:/Unreal Engine Projects/BSc2b/Content/Meshes/Vial_5.uasset" 637
"F:/Unreal Engine Projects/BSc2b/Content/Meshes/Vial_5.uexp" 638
"F:/Unreal Engine Projects/BSc2b/Content/Meshes/Vial_3.uasset" 639
"F:/Unreal Engine Projects/BSc2b/Content/Meshes/Vial_3.uexp" 640
"F:/Unreal Engine Projects/BSc2b/Content/Meshes/Vial_2.uasset" 641
"F:/Unreal Engine Projects/BSc2b/Content/Meshes/Vial_2.uexp" 642
"F:/Unreal Engine Projects/BSc2b/Content/Meshes/Vial_11.uasset" 643
"F:/Unreal Engine Projects/BSc2b/Content/Meshes/Vial_11.uexp" 644
"F:/Unreal Engine Projects/BSc2b/Content/Meshes/Vial_1.uasset" 645
"F:/Unreal Engine Projects/BSc2b/Content/Meshes/Vial_1.uexp" 646
"F:/Unreal Engine Projects/BSc2b/Content/Meshes/Shelves_1.uasset" 647
"F:/Unreal Engine Projects/BSc2b/Content/Meshes/Shelves_1.uexp" 648
"F:/Unreal Engine Projects/BSc2b/Content/Meshes/CabinetVari_3.uasset" 649
"F:/Unreal Engine Projects/BSc2b/Content/Meshes/CabinetVari_3.uexp" 650
"F:/Unreal Engine Projects/BSc2b/Content/Audio/SAFE_LAB.uasset" 651
"F:/Unreal Engine Projects/BSc2b/Content/Audio/SAFE_LAB.uexp" 652
"F:/Unreal Engine Projects/BSc2b/Content/Audio/HORRORLAB_EXPLOREROOM.uasset" 653
"F:/Unreal Engine Projects/BSc2b/Content/Audio/HORRORLAB_EXPLOREROOM.uexp" 654
"F:/Unreal Engine Projects/BSc2b/Content/Audio/HORRORLAB_DARKERROOM.uasset" 655
"F:/Unreal Engine Projects/BSc2b/Content/Audio/HORRORLAB_DARKERROOM.uexp" 656
"F:/Unreal Engine Projects/BSc2b/Content/Audio/590163__greg-surr__creaking-in-room-1.uasset" 657
"F:/Unreal Engine Projects/BSc2b/Content/Audio/590163__greg-surr__creaking-in-room-1.uexp" 658
"F:/Unreal Engine Projects/BSc2b/Content/Audio/328784__barkenov__creaking-dishwasher-2.uasset" 659
"F:/Unreal Engine Projects/BSc2b/Content/Audio/328784__barkenov__creaking-dishwasher-2.uexp" 660
"F:/Unreal Engine Projects/BSc2b/Content/Audio/219499__jarredgibb__door-creak.uasset" 661
"F:/Unreal Engine Projects/BSc2b/Content/Audio/219499__jarredgibb__door-creak.uexp" 662
"F:/Unreal Engine Projects/BSc2b/Content/Audio/DrawerCreak.uasset" 663
"F:/Unreal Engine Projects/BSc2b/Content/Audio/DrawerCreak.uexp" 664
"F:/Unreal Engine Projects/BSc2b/Content/Blueprints/BP_IGameTimer.uasset" 665
"F:/Unreal Engine Projects/BSc2b/Content/Blueprints/BP_IGameTimer.uexp" 666
"F:/Unreal Engine Projects/BSc2b/Content/Meshes/CabinetVari_1.uasset" 667
"F:/Unreal Engine Projects/BSc2b/Content/Meshes/CabinetVari_1.uexp" 668
"../../../Engine/Content/BasicShapes/BasicShapeMaterial.uasset" 669
"../../../Engine/Content/BasicShapes/BasicShapeMaterial.uexp" 670
"../../../Engine/Content/BasicShapes/Cube.uasset" 671
"../../../Engine/Content/BasicShapes/Cube.uexp" 672
"F:/Unreal Engine Projects/BSc2b/Content/Blueprints/Widgets/WBP_ProgressBar.uasset" 673
"F:/Unreal Engine Projects/BSc2b/Content/Blueprints/Widgets/WBP_ProgressBar.uexp" 674
"F:/Unreal Engine Projects/BSc2b/Content/Blueprints/David/BP_Centrifuge.uasset" 675
"F:/Unreal Engine Projects/BSc2b/Content/Blueprints/David/BP_Centrifuge.uexp" 676
"F:/Unreal Engine Projects/BSc2b/Content/Meshes/BasicShapeMaterial.uasset" 677
"F:/Unreal Engine Projects/BSc2b/Content/Meshes/BasicShapeMaterial.uexp" 678
"F:/Unreal Engine Projects/BSc2b/Content/Meshes/Door.uasset" 679
"F:/Unreal Engine Projects/BSc2b/Content/Meshes/Door.uexp" 680
"F:/Unreal Engine Projects/BSc2b/Content/Blueprints/David/BP_StorageRoomDoor.uasset" 681
"F:/Unreal Engine Projects/BSc2b/Content/Blueprints/David/BP_StorageRoomDoor.uexp" 682
"../../../Engine/Content/EditorBlueprintResources/StandardMacros.uasset" 683
"../../../Engine/Content/EditorBlueprintResources/StandardMacros.uexp" 684
"F:/Unreal Engine Projects/BSc2b/Content/Blueprints/Widgets/WBP_Keypad.uasset" 685
"F:/Unreal Engine Projects/BSc2b/Content/Blueprints/Widgets/WBP_Keypad.uexp" 686
"F:/Unreal Engine Projects/BSc2b/Content/Blueprints/David/BP_Keypad.uasset" 687
"F:/Unreal Engine Projects/BSc2b/Content/Blueprints/David/BP_Keypad.uexp" 688
"../../../Engine/Content/EngineSky/T_Sky_Stars.uasset" 689
"../../../Engine/Content/EngineSky/T_Sky_Stars.uexp" 690
"../../../Engine/Content/EngineSky/T_Sky_Stars.ubulk" 691
"../../../Engine/Content/EngineSky/T_Sky_Blue.uasset" 692
"../../../Engine/Content/EngineSky/T_Sky_Blue.uexp" 693
"../../../Engine/Content/EngineSky/T_Sky_Blue.ubulk" 694
"../../../Engine/Content/EngineSky/T_Sky_Clouds_M.uasset" 695
"../../../Engine/Content/EngineSky/T_Sky_Clouds_M.uexp" 696
"../../../Engine/Content/EngineSky/T_Sky_Clouds_M.ubulk" 697
"../../../Engine/Content/EngineSky/M_Sky_Panning_Clouds2.uasset" 698
"../../../Engine/Content/EngineSky/M_Sky_Panning_Clouds2.uexp" 699
"../../../Engine/Content/EngineSky/SM_SkySphere.uasset" 700
"../../../Engine/Content/EngineSky/SM_SkySphere.uexp" 701
"../../../Engine/Content/EngineSky/C_Sky_Zenith_Color.uasset" 702
"../../../Engine/Content/EngineSky/C_Sky_Zenith_Color.uexp" 703
"../../../Engine/Content/EngineSky/C_Sky_Horizon_Color.uasset" 704
"../../../Engine/Content/EngineSky/C_Sky_Horizon_Color.uexp" 705
"../../../Engine/Content/EngineSky/C_Sky_Cloud_Color.uasset" 706
"../../../Engine/Content/EngineSky/C_Sky_Cloud_Color.uexp" 707
"../../../Engine/Content/EngineSky/BP_Sky_Sphere.uasset" 708
"../../../Engine/Content/EngineSky/BP_Sky_Sphere.uexp" 709
"F:/Unreal Engine Projects/BSc2b/Content/Levels/Map_BuiltData.uasset" 710
"F:/Unreal Engine Projects/BSc2b/Content/Levels/Map_BuiltData.uexp" 711
"F:/Unreal Engine Projects/BSc2b/Content/Levels/Map_BuiltData.ubulk" 712
"F:/Unreal Engine Projects/BSc2b/Content/Meshes/CabinetVari_2.uasset" 713
"F:/Unreal Engine Projects/BSc2b/Content/Meshes/CabinetVari_2.uexp" 714
"../../../Engine/Content/MapTemplates/SM_Template_Map_Floor.uasset" 715
"../../../Engine/Content/MapTemplates/SM_Template_Map_Floor.uexp" 716
"F:/Unreal Engine Projects/BSc2b/Content/Meshes/BaseMap3.uasset" 717
"F:/Unreal Engine Projects/BSc2b/Content/Meshes/BaseMap3.uexp" 718
"F:/Unreal Engine Projects/BSc2b/Content/Levels/Map.uexp" 719
"F:/Unreal Engine Projects/BSc2b/Content/Levels/Map.umap" 720
"../../../Engine/Content/Maps/Entry_BuiltData.uasset" 721
"../../../Engine/Content/Maps/Entry_BuiltData.uexp" 722
"../../../Engine/Content/Maps/Entry.uexp" 723
"../../../Engine/Content/Maps/Entry.umap" 724
